{"name": "Проверка на создание двух одинаковых курьеров с последующим удалением курьера", "status": "failed", "statusDetails": {"message": "AssertionError: assert (409 == 409 and '{\"code\":409,...йте другой.\"}' == '{\"code\":409,...спользуется\"}'\n +  where 409 = <Response [409]>.status_code\n  \n  Skipping 40 identical leading characters in diff, use -v to show\n  - пользуется\"}\n  + пользуется. Попробуйте другой.\"})", "trace": "self = <tests.test_create_courier.TestCreateCourier object at 0x0000019ACC254080>\n\n    @allure.title('Проверка на создание двух одинаковых курьеров с последующим удалением курьера')\n    def test_successful_creation_courier_as_in_analytics(self):\n        create_request = QaScooterApi.create_new_courier_as_in_analytics()\n        assert create_request.status_code == 201 and create_request.text == '{\"ok\":true}'\n        create_request_second = QaScooterApi.create_new_courier_as_in_analytics()\n>       assert (create_request_second.status_code == 409 and create_request_second.text ==\n                Data.CREATE_ERROR_RESPONSE_AS_IN_ANALYTICS)\nE       assert (409 == 409 and '{\"code\":409,...йте другой.\"}' == '{\"code\":409,...спользуется\"}'\nE        +  where 409 = <Response [409]>.status_code\nE         \nE         Skipping 40 identical leading characters in diff, use -v to show\nE         - пользуется\"}\nE         + пользуется. Попробуйте другой.\"})\n\ntests\\test_create_courier.py:34: AssertionError"}, "steps": [{"name": "Создаем курьера с определенными параметрами", "status": "passed", "start": 1725285280778, "stop": 1725285280875}, {"name": "Создаем курьера с определенными параметрами", "status": "passed", "start": 1725285280875, "stop": 1725285280964}], "start": 1725285280778, "stop": 1725285280965, "uuid": "e1f73a3a-d8d9-48b2-97db-eae1bddf7a66", "historyId": "801eda7ebdf3d15f6aa5bea019052c51", "testCaseId": "801eda7ebdf3d15f6aa5bea019052c51", "fullName": "tests.test_create_courier.TestCreateCourier#test_successful_creation_courier_as_in_analytics", "labels": [{"name": "parentSuite", "value": "tests"}, {"name": "suite", "value": "test_create_courier"}, {"name": "subSuite", "value": "TestCreateCourier"}, {"name": "host", "value": "0000nbb00113NM4"}, {"name": "thread", "value": "24008-MainThread"}, {"name": "framework", "value": "pytest"}, {"name": "language", "value": "cpython3"}, {"name": "package", "value": "tests.test_create_courier"}]}